<?xml version="1.0" encoding="UTF-8"?>
<testng-results ignored="0" total="1" passed="1" failed="0" skipped="0">
  <reporter-output>
  </reporter-output>
  <suite started-at="2025-08-04T12:29:55 IST" name="Default suite" finished-at="2025-08-04T12:30:05 IST" duration-ms="10083">
    <groups>
    </groups>
    <test started-at="2025-08-04T12:29:55 IST" name="Default test" finished-at="2025-08-04T12:30:05 IST" duration-ms="10083">
      <class name="Tests.LoginPage">
        <test-method is-config="true" signature="Login()[pri:0, instance:Tests.LoginPage@6f10d5b6]" started-at="2025-08-04T12:29:55 IST" name="Login" finished-at="2025-08-04T12:30:01 IST" duration-ms="5931" status="PASS">
          <reporter-output>
          </reporter-output>
        </test-method> <!-- Login -->
        <test-method signature="Credentials()[pri:0, instance:Tests.LoginPage@6f10d5b6]" started-at="2025-08-04T12:30:01 IST" name="Credentials" finished-at="2025-08-04T12:30:02 IST" duration-ms="953" status="PASS">
          <reporter-output>
          </reporter-output>
        </test-method> <!-- Credentials -->
        <test-method is-config="true" signature="close()[pri:0, instance:Tests.LoginPage@6f10d5b6]" started-at="2025-08-04T12:30:02 IST" name="close" finished-at="2025-08-04T12:30:05 IST" duration-ms="3140" status="PASS">
          <reporter-output>
          </reporter-output>
        </test-method> <!-- close -->
      </class> <!-- Tests.LoginPage -->
    </test> <!-- Default test -->
  </suite> <!-- Default suite -->
</testng-results>
